<?xml version="1.0" encoding="UTF-8"?>
<!-- Generated by org.testng.reporters.JUnitXMLReporter -->
<testsuite hostname="MXLRCWKS00019" failures="0" tests="4" name="Test" time="6.527" errors="0" timestamp="13 Jan 2021 01:23:55 GMT">
  <testcase classname="Test.Navegador" name="@AfterClass testend" time="0.0">
    <failure type="java.lang.NullPointerException" message="Cannot invoke &amp;quot;org.openqa.selenium.WebDriver.close()&amp;quot; because &amp;quot;this.driver&amp;quot; is null">
      <![CDATA[java.lang.NullPointerException: Cannot invoke "org.openqa.selenium.WebDriver.close()" because "this.driver" is null
	at Test.Navegador.testend(Navegador.java:73)
... Removed 24 stack frames]]>
    </failure>
  </testcase> <!-- @AfterClass testend -->
  <testcase classname="Test.ControlTrack" name="@AfterClass testend" time="0.0">
    <failure type="java.lang.NullPointerException" message="Cannot invoke &amp;quot;org.openqa.selenium.WebDriver.quit()&amp;quot; because &amp;quot;this.driver&amp;quot; is null">
      <![CDATA[java.lang.NullPointerException: Cannot invoke "org.openqa.selenium.WebDriver.quit()" because "this.driver" is null
	at Test.ControlTrack.testend(ControlTrack.java:59)
... Removed 24 stack frames]]>
    </failure>
  </testcase> <!-- @AfterClass testend -->
  <testcase classname="Test.Whats" name="@AfterClass testend" time="0.0">
    <failure type="java.lang.NullPointerException" message="Cannot invoke &amp;quot;org.openqa.selenium.WebDriver.quit()&amp;quot; because &amp;quot;this.driver&amp;quot; is null">
      <![CDATA[java.lang.NullPointerException: Cannot invoke "org.openqa.selenium.WebDriver.quit()" because "this.driver" is null
	at Test.Whats.testend(Whats.java:60)
... Removed 24 stack frames]]>
    </failure>
  </testcase> <!-- @AfterClass testend -->
  <testcase classname="Test.Navegador" name="test" time="0.003"/>
  <testcase classname="Test.Navegador" name="test2" time="0.0"/>
  <testcase classname="Test.ControlTrack" name="test" time="0.001"/>
  <testcase classname="Test.Whats" name="test" time="0.001"/>
</testsuite> <!-- Test -->
